\BOOKMARK [0][-]{chapter*.1}{Acknowledgements}{}% 1
\BOOKMARK [0][-]{chapter*.2}{Abstract}{}% 2
\BOOKMARK [0][-]{chapter*.4}{\315ndice}{}% 3
\BOOKMARK [0][-]{chapter.1}{Introduction}{}% 4
\BOOKMARK [1][-]{section.1.1}{Motivation}{chapter.1}% 5
\BOOKMARK [1][-]{section.1.2}{Objectives}{chapter.1}% 6
\BOOKMARK [1][-]{section.1.3}{List of materials}{chapter.1}% 7
\BOOKMARK [1][-]{section.1.4}{Structure of the document}{chapter.1}% 8
\BOOKMARK [0][-]{chapter.2}{Theoretical background}{}% 9
\BOOKMARK [0][-]{chapter.3}{State of the Art}{}% 10
\BOOKMARK [1][-]{section.3.1}{\277En qu\351 consiste el Estado del Arte?}{chapter.3}% 11
\BOOKMARK [0][-]{chapter.4}{How to write in Latex}{}% 12
\BOOKMARK [1][-]{section.4.1}{Estilo}{chapter.4}% 13
\BOOKMARK [1][-]{section.4.2}{Citas}{chapter.4}% 14
\BOOKMARK [1][-]{section.4.3}{Listas}{chapter.4}% 15
\BOOKMARK [1][-]{section.4.4}{Tablas}{chapter.4}% 16
\BOOKMARK [1][-]{section.4.5}{Referencia a una secci\363n}{chapter.4}% 17
\BOOKMARK [1][-]{section.4.6}{Texto}{chapter.4}% 18
\BOOKMARK [1][-]{section.4.7}{Figuras}{chapter.4}% 19
\BOOKMARK [1][-]{section.4.8}{C\363digo software}{chapter.4}% 20
\BOOKMARK [1][-]{section.4.9}{Pie de p\341gina}{chapter.4}% 21
\BOOKMARK [0][-]{chapter.5}{Results and discussion}{}% 22
\BOOKMARK [1][-]{section.5.1}{Results}{chapter.5}% 23
\BOOKMARK [1][-]{section.5.2}{Discussion}{chapter.5}% 24
\BOOKMARK [0][-]{chapter.6}{Project Management}{}% 25
\BOOKMARK [1][-]{section.6.1}{Life cycle}{chapter.6}% 26
\BOOKMARK [1][-]{section.6.2}{Planning}{chapter.6}% 27
\BOOKMARK [1][-]{section.6.3}{Budget}{chapter.6}% 28
\BOOKMARK [2][-]{subsection.6.3.1}{Personal}{section.6.3}% 29
\BOOKMARK [2][-]{subsection.6.3.2}{Material}{section.6.3}% 30
\BOOKMARK [2][-]{subsection.6.3.3}{Cost summary}{section.6.3}% 31
\BOOKMARK [0][-]{chapter.7}{Conclusions}{}% 32
\BOOKMARK [1][-]{section.7.1}{Conclusin}{chapter.7}% 33
\BOOKMARK [1][-]{section.7.2}{Future work}{chapter.7}% 34
\BOOKMARK [0][-]{appendix.A}{XXXXX ...}{}% 35
\BOOKMARK [1][-]{section.A.1}{Lorem ipsum}{appendix.A}% 36
\BOOKMARK [0][-]{section.A.1}{Bibliography}{}% 37
